[debug] [2021-06-12T23:24:12.215Z] ----------------------------------------------------------------------
[debug] [2021-06-12T23:24:12.219Z] Command:       C:\Program Files\nodejs\node.exe C:\Program Files\nodejs\node_modules\firebase-tools\lib\bin\firebase.js init
[debug] [2021-06-12T23:24:12.220Z] CLI Version:   9.8.0
[debug] [2021-06-12T23:24:12.220Z] Platform:      win32
[debug] [2021-06-12T23:24:12.220Z] Node Version:  v15.10.0
[debug] [2021-06-12T23:24:12.226Z] Time:          Sun Jun 13 2021 04:54:12 GMT+0530 (India Standard Time)
[debug] [2021-06-12T23:24:12.227Z] ----------------------------------------------------------------------
[debug] 
[debug] [2021-06-12T23:24:12.231Z] >>> [apiv2][query] GET https://firebase-public.firebaseio.com/cli.json [none]
[debug] [2021-06-12T23:24:12.272Z] > command requires scopes: ["email","openid","https://www.googleapis.com/auth/cloudplatformprojects.readonly","https://www.googleapis.com/auth/firebase","https://www.googleapis.com/auth/cloud-platform"]
[debug] [2021-06-12T23:24:12.275Z] > authorizing via signed-in user
[info] 
     ######## #### ########  ######## ########     ###     ######  ########
     ##        ##  ##     ## ##       ##     ##  ##   ##  ##       ##
     ######    ##  ########  ######   ########  #########  ######  ######
     ##        ##  ##    ##  ##       ##     ## ##     ##       ## ##
     ##       #### ##     ## ######## ########  ##     ##  ######  ########

You're about to initialize a Firebase project in this directory:

  C:\Project File\dp\Portfolio nextjs v3 --coding-theme

Before we get started, keep in mind:

  * You are currently outside your home directory

[debug] [2021-06-12T23:24:13.182Z] <<< [apiv2][status] GET https://firebase-public.firebaseio.com/cli.json 200
[debug] [2021-06-12T23:24:13.183Z] <<< [apiv2][body] GET https://firebase-public.firebaseio.com/cli.json {"cloudBuildErrorAfter":1594252800000,"cloudBuildWarnAfter":1590019200000,"defaultNode10After":1594252800000,"minVersion":"3.0.5","node8DeploysDisabledAfter":1613390400000,"node8RuntimeDisabledAfter":1615809600000,"node8WarnAfter":1600128000000}
[info] 
=== Project Setup
[info] 
[info] First, let's associate this project directory with a Firebase project.
[info] You can create multiple project aliases by running firebase use --add, 
[info] but for now we'll just set up a default project.
[info] 
[debug] [2021-06-12T23:24:26.938Z] > refreshing access token with scopes: []
[debug] [2021-06-12T23:24:26.941Z] >>> HTTP REQUEST POST https://www.googleapis.com/oauth2/v3/token  
 <request body omitted>
[debug] [2021-06-12T23:24:27.167Z] <<< HTTP RESPONSE 200 {"expires":"Mon, 01 Jan 1990 00:00:00 GMT","pragma":"no-cache","cache-control":"no-cache, no-store, max-age=0, must-revalidate","date":"Sat, 12 Jun 2021 23:24:31 GMT","content-type":"application/json; charset=utf-8","vary":"X-Origin, Referer, Origin,Accept-Encoding","server":"scaffolding on HTTPServer2","x-xss-protection":"0","x-frame-options":"SAMEORIGIN","x-content-type-options":"nosniff","alt-svc":"h3=\":443\"; ma=2592000,h3-29=\":443\"; ma=2592000,h3-T051=\":443\"; ma=2592000,h3-Q050=\":443\"; ma=2592000,h3-Q046=\":443\"; ma=2592000,h3-Q043=\":443\"; ma=2592000,quic=\":443\"; ma=2592000; v=\"46,43\"","accept-ranges":"none","transfer-encoding":"chunked"}
[debug] [2021-06-12T23:24:27.178Z] >>> [apiv2][query] GET https://firebase.googleapis.com/v1beta1/projects pageSize=100
[debug] [2021-06-12T23:24:27.872Z] <<< [apiv2][status] GET https://firebase.googleapis.com/v1beta1/projects 200
[debug] [2021-06-12T23:24:27.872Z] <<< [apiv2][body] GET https://firebase.googleapis.com/v1beta1/projects [omitted]
[info] i  Using project iam-dipanjan (iam-dipanjan) 
[info] 
=== Hosting Setup
[info] 
[info] Your public directory is the folder (relative to your project directory) that
[info] will contain Hosting assets to be uploaded with firebase deploy. If you
[info] have a build process for your assets, use your build's output directory.
[info] 
[info] i  Skipping write of out/404.html 
[debug] [2021-06-12T23:24:53.969Z] >>> [apiv2][query] GET https://www.gstatic.com/firebasejs/releases.json [none]
[debug] [2021-06-12T23:24:54.115Z] <<< [apiv2][status] GET https://www.gstatic.com/firebasejs/releases.json 200
[debug] [2021-06-12T23:24:54.115Z] <<< [apiv2][body] GET https://www.gstatic.com/firebasejs/releases.json {"current":{"version":"8.6.7","browserURL":"https://www.gstatic.com/firebasejs/8.6.7/firebase.js","packageURL":"https://www.gstatic.com/firebasejs/8.6.7/firebase.tgz"},"live":{"version":"8.6","browserURL":"https://www.gstatic.com/firebasejs/live/8.6/firebase.js","packageURL":"https://www.gstatic.com/firebasejs/live/8.6/firebase.tgz"},"components":{"analytics":"https://www.gstatic.com/firebasejs/8.6.7/firebase-analytics.js","app":"https://www.gstatic.com/firebasejs/8.6.7/firebase-app.js","app-check":"https://www.gstatic.com/firebasejs/8.6.7/firebase-app-check.js","auth":"https://www.gstatic.com/firebasejs/8.6.7/firebase-auth.js","database":"https://www.gstatic.com/firebasejs/8.6.7/firebase-database.js","firestore":"https://www.gstatic.com/firebasejs/8.6.7/firebase-firestore.js","functions":"https://www.gstatic.com/firebasejs/8.6.7/firebase-functions.js","installations":"https://www.gstatic.com/firebasejs/8.6.7/firebase-installations.js","messaging":"https://www.gstatic.com/firebasejs/8.6.7/firebase-messaging.js","storage":"https://www.gstatic.com/firebasejs/8.6.7/firebase-storage.js","performance":"https://www.gstatic.com/firebasejs/8.6.7/firebase-performance.js","remote-config":"https://www.gstatic.com/firebasejs/8.6.7/firebase-remote-config.js","firestore.memory":"https://www.gstatic.com/firebasejs/8.6.7/firebase-firestore.memory.js"}}
[info] i  Skipping write of out/index.html 
[info] 
[info] i  Didn't detect a .git folder. Assuming C:\Project File\dp\Portfolio nextjs v3 --coding-theme is the project root. 
[info] i  Authorizing with GitHub to upload your service account to a GitHub repository's secrets store. 
[info] 
[info] Visit this URL on this device to log in:
[info] https://github.com/login/oauth/authorize?client_id=89cf50f02ac6aaed3484&state=182679105&redirect_uri=http%3A%2F%2Flocalhost%3A9005&scope=read%3Auser%20repo%20public_repo
[info] 
[info] Waiting for authentication...
[debug] [2021-06-12T23:25:49.183Z] >>> HTTP REQUEST POST https://github.com/login/oauth/access_token  
 {"client_id":"89cf50f02ac6aaed3484","client_secret":"3330d14abc895d9a74d5f17cd7a00711fa2c5bf0","code":"3008a9d0bfe25e175e51","redirect_uri":"http://localhost:9005","state":"182679105"}
[debug] [2021-06-12T23:25:49.560Z] <<< HTTP RESPONSE 200 {"server":"GitHub.com","date":"Sat, 12 Jun 2021 23:25:53 GMT","content-type":"application/json; charset=utf-8","transfer-encoding":"chunked","vary":"X-PJAX, Accept-Encoding, Accept, X-Requested-With","permissions-policy":"interest-cohort=()","etag":"W/\"ae4cdf9f6f46271ed585ce495d5124d1\"","cache-control":"max-age=0, private, must-revalidate","strict-transport-security":"max-age=31536000; includeSubdomains; preload","x-frame-options":"deny","x-content-type-options":"nosniff","x-xss-protection":"0","referrer-policy":"origin-when-cross-origin, strict-origin-when-cross-origin","expect-ct":"max-age=2592000, report-uri=\"https://api.github.com/_private/browser/errors\"","content-security-policy":"default-src 'none'; base-uri 'self'; block-all-mixed-content; connect-src 'self' uploads.github.com www.githubstatus.com collector.githubapp.com api.github.com github-cloud.s3.amazonaws.com github-production-repository-file-5c1aeb.s3.amazonaws.com github-production-upload-manifest-file-7fdce7.s3.amazonaws.com github-production-user-asset-6210df.s3.amazonaws.com html-translator.herokuapp.com cdn.optimizely.com logx.optimizely.com/v1/events wss://alive.github.com; font-src github.githubassets.com; form-action 'self' github.com gist.github.com; frame-ancestors 'none'; frame-src render.githubusercontent.com; img-src 'self' data: github.githubassets.com identicons.github.com collector.githubapp.com github-cloud.s3.amazonaws.com secured-user-images.githubusercontent.com/ *.githubusercontent.com; manifest-src 'self'; media-src 'none'; script-src github.githubassets.com; style-src 'unsafe-inline' github.githubassets.com; worker-src github.com/socket-worker-3f088aa2.js gist.github.com/socket-worker-3f088aa2.js","x-github-request-id":"0416:73A0:1826BB:1F5B6D:60C54281"}
[debug] [2021-06-12T23:25:49.569Z] >>> [apiv2][query] GET https://api.github.com/user [none]
[debug] [2021-06-12T23:25:49.982Z] <<< [apiv2][status] GET https://api.github.com/user 200
[debug] [2021-06-12T23:25:49.982Z] <<< [apiv2][body] GET https://api.github.com/user {"login":"dipanjanpanja6","id":48008098,"node_id":"MDQ6VXNlcjQ4MDA4MDk4","avatar_url":"https://avatars.githubusercontent.com/u/48008098?v=4","gravatar_id":"","url":"https://api.github.com/users/dipanjanpanja6","html_url":"https://github.com/dipanjanpanja6","followers_url":"https://api.github.com/users/dipanjanpanja6/followers","following_url":"https://api.github.com/users/dipanjanpanja6/following{/other_user}","gists_url":"https://api.github.com/users/dipanjanpanja6/gists{/gist_id}","starred_url":"https://api.github.com/users/dipanjanpanja6/starred{/owner}{/repo}","subscriptions_url":"https://api.github.com/users/dipanjanpanja6/subscriptions","organizations_url":"https://api.github.com/users/dipanjanpanja6/orgs","repos_url":"https://api.github.com/users/dipanjanpanja6/repos","events_url":"https://api.github.com/users/dipanjanpanja6/events{/privacy}","received_events_url":"https://api.github.com/users/dipanjanpanja6/received_events","type":"User","site_admin":false,"name":"Dipanjan Panja","company":"@RoomLeloo @Qrioctybox  @Geogo","blog":"https://dipanjanpanja.in","location":"kolkata","email":null,"hireable":true,"bio":null,"twitter_username":"dipanjanpanja6","public_repos":54,"public_gists":0,"followers":4,"following":6,"created_at":"2019-02-26T07:13:26Z","updated_at":"2021-06-12T23:25:52Z","private_gists":0,"total_private_repos":11,"owned_private_repos":11,"disk_usage":199081,"collaborators":2,"two_factor_authentication":false,"plan":{"name":"pro","space":976562499,"collaborators":0,"private_repos":9999}}
[info] 
[info] +  Success! Logged into GitHub as dipanjanpanja6 
[info] 
[debug] [2021-06-12T23:26:28.738Z] >>> [apiv2][query] GET https://api.github.com/repos/dipanjanpanja6/portfolio-v3-coding-theme/actions/secrets/public-key type=owner
[debug] [2021-06-12T23:26:29.126Z] <<< [apiv2][status] GET https://api.github.com/repos/dipanjanpanja6/portfolio-v3-coding-theme/actions/secrets/public-key 404
[debug] [2021-06-12T23:26:29.126Z] <<< [apiv2][body] GET https://api.github.com/repos/dipanjanpanja6/portfolio-v3-coding-theme/actions/secrets/public-key {"message":"Not Found","documentation_url":"https://docs.github.com/rest/reference/actions#get-a-repository-public-key"}
